<?xml version="1.0" encoding="UTF-8"?>
<robot generator="Robot 7.2.2 (Python 3.10.11 on win32)" generated="2025-04-15T15:43:47.575891" rpa="false" schemaversion="5">
<suite id="s1" name="TS ORANGEHRMLIVE" source="C:\Users\Bury\cours TEST\TP test\Tests\TS_ORANGEHRMLIVE.robot">
<test id="s1-t1" name="Test Modification d'un employé" line="48">
<kw name="Ouvrir Orangehrmlive" type="SETUP">
<kw name="Open Browser" owner="SeleniumLibrary">
<msg time="2025-04-15T15:43:47.860756" level="INFO">Opening browser 'chrome' to base url 'https://opensource-demo.orangehrmlive.com/web/index.php/auth/login'.</msg>
<arg>${ORANGEHRMLIVE_URL}/auth/login</arg>
<arg>browser=chrome</arg>
<arg>options=add_experimental_option('excludeSwitches', ['enable-logging'])</arg>
<doc>Opens a new browser instance to the optional ``url``.</doc>
<status status="PASS" start="2025-04-15T15:43:47.860756" elapsed="3.869294"/>
</kw>
<kw name="Maximize Browser Window" owner="SeleniumLibrary">
<doc>Maximizes current browser window.</doc>
<status status="PASS" start="2025-04-15T15:43:51.731052" elapsed="0.019913"/>
</kw>
<kw name="Set Selenium Implicit Wait" owner="SeleniumLibrary">
<arg>5s</arg>
<doc>Sets the implicit wait value used by Selenium.</doc>
<status status="PASS" start="2025-04-15T15:43:51.750965" elapsed="0.002018"/>
</kw>
<kw name="Set Variable" owner="BuiltIn">
<msg time="2025-04-15T15:43:51.753985" level="INFO">${username} = Admin</msg>
<var>${username}</var>
<arg>Admin</arg>
<doc>Returns the given values which can then be assigned to a variables.</doc>
<status status="PASS" start="2025-04-15T15:43:51.752983" elapsed="0.001002"/>
</kw>
<kw name="Set Variable" owner="BuiltIn">
<msg time="2025-04-15T15:43:51.753985" level="INFO">${password} = admin123</msg>
<var>${password}</var>
<arg>admin123</arg>
<doc>Returns the given values which can then be assigned to a variables.</doc>
<status status="PASS" start="2025-04-15T15:43:51.753985" elapsed="0.000000"/>
</kw>
<kw name="Input Text" owner="SeleniumLibrary">
<msg time="2025-04-15T15:43:51.755486" level="INFO">Typing text 'Admin' into text field 'xpath=//input[@name='username']'.</msg>
<arg>xpath=//input[@name='username']</arg>
<arg>${username}</arg>
<doc>Types the given ``text`` into the text field identified by ``locator``.</doc>
<status status="PASS" start="2025-04-15T15:43:51.753985" elapsed="0.656009"/>
</kw>
<kw name="Input Text" owner="SeleniumLibrary">
<msg time="2025-04-15T15:43:52.410994" level="INFO">Typing text 'admin123' into text field 'xpath=//input[@name='password']'.</msg>
<arg>xpath=//input[@name='password']</arg>
<arg>${password}</arg>
<doc>Types the given ``text`` into the text field identified by ``locator``.</doc>
<status status="PASS" start="2025-04-15T15:43:52.410994" elapsed="0.062150"/>
</kw>
<kw name="Click Button" owner="SeleniumLibrary">
<msg time="2025-04-15T15:43:52.474654" level="INFO">Clicking button 'xpath=//button[@type='submit']'.</msg>
<arg>xpath=//button[@type='submit']</arg>
<doc>Clicks the button identified by ``locator``.</doc>
<status status="PASS" start="2025-04-15T15:43:52.473144" elapsed="0.058104"/>
</kw>
<kw name="Wait Until Page Contains Element" owner="SeleniumLibrary">
<arg>xpath=//span[text()='Dashboard']</arg>
<doc>Waits until the element ``locator`` appears on the current page.</doc>
<status status="PASS" start="2025-04-15T15:43:52.531248" elapsed="1.290251"/>
</kw>
<kw name="Get Title" owner="SeleniumLibrary">
<msg time="2025-04-15T15:43:53.826685" level="INFO">${title} = OrangeHRM</msg>
<var>${title}</var>
<doc>Returns the title of the current page.</doc>
<status status="PASS" start="2025-04-15T15:43:53.821499" elapsed="0.005186"/>
</kw>
<kw name="Should Contain" owner="BuiltIn">
<arg>${title}</arg>
<arg>OrangeHRM</arg>
<doc>Fails if ``container`` does not contain ``item`` one or more times.</doc>
<status status="PASS" start="2025-04-15T15:43:53.826685" elapsed="0.000000"/>
</kw>
<doc>Ouverture de Chrome à l'adresse https://opensource-demo.orangehrmlive.com/web/index.php et connexion</doc>
<status status="PASS" start="2025-04-15T15:43:47.860756" elapsed="5.966929"/>
</kw>
<kw name="Click Element" owner="SeleniumLibrary">
<msg time="2025-04-15T15:43:53.827685" level="INFO">Clicking element 'xpath=//a[@href='/web/index.php/pim/viewPimModule']'.</msg>
<arg>xpath=//a[@href='/web/index.php/pim/viewPimModule']</arg>
<doc>Click the element identified by ``locator``.</doc>
<status status="PASS" start="2025-04-15T15:43:53.827685" elapsed="1.395556"/>
</kw>
<kw name="Input Text" owner="SeleniumLibrary">
<msg time="2025-04-15T15:43:55.223241" level="INFO">Typing text 'coco' into text field 'xpath=//label[text()='Employee Name']/following::input[1]'.</msg>
<arg>xpath=//label[text()='Employee Name']/following::input[1]</arg>
<arg>coco</arg>
<doc>Types the given ``text`` into the text field identified by ``locator``.</doc>
<status status="PASS" start="2025-04-15T15:43:55.223241" elapsed="0.449720"/>
</kw>
<kw name="Click Button" owner="SeleniumLibrary">
<msg time="2025-04-15T15:43:55.674199" level="INFO">Clicking button 'xpath=//button[text()=' Search ']'.</msg>
<arg>xpath=//button[text()=' Search ']</arg>
<doc>Clicks the button identified by ``locator``.</doc>
<status status="PASS" start="2025-04-15T15:43:55.672961" elapsed="0.065462"/>
</kw>
<kw name="Click Element" owner="SeleniumLibrary">
<msg time="2025-04-15T15:43:55.738423" level="INFO">Clicking element 'xpath=//div[text()='Coco Lapin']/ancestor::div[@role='row']//i[contains(@class, 'bi-pencil-fill')]'.</msg>
<arg>xpath=//div[text()='Coco Lapin']/ancestor::div[@role='row']//i[contains(@class, 'bi-pencil-fill')]</arg>
<doc>Click the element identified by ``locator``.</doc>
<status status="PASS" start="2025-04-15T15:43:55.738423" elapsed="0.784820"/>
</kw>
<kw name="Sleep" owner="BuiltIn">
<msg time="2025-04-15T15:43:57.529273" level="INFO">Slept 1 second.</msg>
<arg>1</arg>
<doc>Pauses the test executed for the given time.</doc>
<status status="PASS" start="2025-04-15T15:43:56.524432" elapsed="1.004841"/>
</kw>
<kw name="Click Element" owner="SeleniumLibrary">
<msg time="2025-04-15T15:43:57.530350" level="INFO">Clicking element 'xpath=//label[text()='Driver License Number']/following::input[1]'.</msg>
<arg>xpath=//label[text()='Driver License Number']/following::input[1]</arg>
<doc>Click the element identified by ``locator``.</doc>
<status status="PASS" start="2025-04-15T15:43:57.529273" elapsed="0.049168"/>
</kw>
<kw name="Sleep" owner="BuiltIn">
<msg time="2025-04-15T15:43:58.584905" level="INFO">Slept 1 second.</msg>
<arg>1</arg>
<doc>Pauses the test executed for the given time.</doc>
<status status="PASS" start="2025-04-15T15:43:57.579449" elapsed="1.005456"/>
</kw>
<kw name="Press Keys" owner="SeleniumLibrary">
<msg time="2025-04-15T15:43:58.585958" level="INFO">Sending key(s) ('CTRL+a+DELETE',) to xpath=//label[text()='Driver License Number']/following::input[1] element.</msg>
<msg time="2025-04-15T15:43:58.852447" level="INFO">Pressing special key CONTROL down.</msg>
<msg time="2025-04-15T15:43:58.852447" level="INFO">Sending key a</msg>
<msg time="2025-04-15T15:43:58.852447" level="INFO">Pressing special key DELETE down.</msg>
<msg time="2025-04-15T15:43:58.852447" level="INFO">Releasing special key CONTROL.</msg>
<msg time="2025-04-15T15:43:58.852447" level="INFO">Releasing special key DELETE.</msg>
<arg>xpath=//label[text()='Driver License Number']/following::input[1]</arg>
<arg>CTRL+a+DELETE</arg>
<doc>Simulates the user pressing key(s) to an element or on the active browser.</doc>
<status status="PASS" start="2025-04-15T15:43:58.584905" elapsed="0.278820"/>
</kw>
<kw name="Sleep" owner="BuiltIn">
<msg time="2025-04-15T15:43:59.876974" level="INFO">Slept 1 second.</msg>
<arg>1</arg>
<doc>Pauses the test executed for the given time.</doc>
<status status="PASS" start="2025-04-15T15:43:58.864725" elapsed="1.012249"/>
</kw>
<kw name="Input Text" owner="SeleniumLibrary">
<msg time="2025-04-15T15:43:59.876974" level="INFO">Typing text 'DL123456789' into text field 'xpath=//label[text()='Driver License Number']/following::input[1]'.</msg>
<arg>xpath=//label[text()='Driver License Number']/following::input[1]</arg>
<arg>DL123456789</arg>
<doc>Types the given ``text`` into the text field identified by ``locator``.</doc>
<status status="PASS" start="2025-04-15T15:43:59.876974" elapsed="0.042530"/>
</kw>
<kw name="Sleep" owner="BuiltIn">
<msg time="2025-04-15T15:44:00.924153" level="INFO">Slept 1 second.</msg>
<arg>1</arg>
<doc>Pauses the test executed for the given time.</doc>
<status status="PASS" start="2025-04-15T15:43:59.919504" elapsed="1.004649"/>
</kw>
<kw name="Click Element" owner="SeleniumLibrary">
<msg time="2025-04-15T15:44:00.925514" level="INFO">Clicking element 'xpath=//button[@type='submit']'.</msg>
<arg>xpath=//button[@type='submit']</arg>
<doc>Click the element identified by ``locator``.</doc>
<status status="PASS" start="2025-04-15T15:44:00.924153" elapsed="0.041562"/>
</kw>
<kw name="Fermer Orangehrmlive" type="TEARDOWN">
<kw name="Sleep" owner="BuiltIn">
<msg time="2025-04-15T15:44:03.975132" level="INFO">Slept 3 seconds.</msg>
<arg>3</arg>
<doc>Pauses the test executed for the given time.</doc>
<status status="PASS" start="2025-04-15T15:44:00.966715" elapsed="3.008417"/>
</kw>
<kw name="Capture Page Screenshot" owner="SeleniumLibrary">
<msg time="2025-04-15T15:44:04.147717" level="INFO" html="true">&lt;/td&gt;&lt;/tr&gt;&lt;tr&gt;&lt;td colspan="3"&gt;&lt;a href="selenium-screenshot-47.png"&gt;&lt;img src="selenium-screenshot-47.png" width="800px"&gt;&lt;/a&gt;</msg>
<doc>Takes a screenshot of the current page and embeds it into a log file.</doc>
<status status="PASS" start="2025-04-15T15:44:03.976139" elapsed="0.171578"/>
</kw>
<kw name="Close Browser" owner="SeleniumLibrary">
<doc>Closes the current browser.</doc>
<status status="PASS" start="2025-04-15T15:44:04.147717" elapsed="2.151041"/>
</kw>
<doc>Fermeture du navigateur
On laisse un peu de temps pour visualiser l'écran final</doc>
<status status="PASS" start="2025-04-15T15:44:00.966715" elapsed="5.332043"/>
</kw>
<tag>tnr</tag>
<status status="PASS" start="2025-04-15T15:43:47.859755" elapsed="18.439003"/>
</test>
<status status="PASS" start="2025-04-15T15:43:47.577902" elapsed="18.721857"/>
</suite>
<statistics>
<total>
<stat pass="1" fail="0" skip="0">All Tests</stat>
</total>
<tag>
<stat pass="1" fail="0" skip="0">tnr</stat>
</tag>
<suite>
<stat name="TS ORANGEHRMLIVE" id="s1" pass="1" fail="0" skip="0">TS ORANGEHRMLIVE</stat>
</suite>
</statistics>
<errors>
</errors>
</robot>
