<?xml version="1.0" encoding="UTF-8"?>
<robot generator="Robot 7.2.2 (Python 3.11.9 on win32)" generated="2025-04-15T15:20:50.953285" rpa="false" schemaversion="5">
<suite id="s1" name="TS ORANGEHRMLIVE" source="c:\Users\KobalaGlou\Documents\MDS\Test et Qualite Logiciels\TP Robot FrameWork\BeginnersGuide\Tests\TS_ORANGEHRMLIVE.robot">
<test id="s1-t1" name="Test Recherche d'un utilisateur" line="38">
<kw name="Ouvrir Orangehrmlive" type="SETUP">
<kw name="Open Browser" owner="SeleniumLibrary">
<msg time="2025-04-15T15:20:53.050264" level="INFO">Opening browser 'chrome' to base url 'https://opensource-demo.orangehrmlive.com/web/index.php/auth/login'.</msg>
<arg>${ORANGEHRMLIVE_URL}/auth/login</arg>
<arg>browser=chrome</arg>
<arg>options=add_experimental_option('excludeSwitches', ['enable-logging'])</arg>
<doc>Opens a new browser instance to the optional ``url``.</doc>
<status status="PASS" start="2025-04-15T15:20:53.050264" elapsed="16.786734"/>
</kw>
<kw name="Maximize Browser Window" owner="SeleniumLibrary">
<doc>Maximizes current browser window.</doc>
<status status="PASS" start="2025-04-15T15:21:09.837997" elapsed="0.037719"/>
</kw>
<kw name="Set Selenium Implicit Wait" owner="SeleniumLibrary">
<arg>5s</arg>
<doc>Sets the implicit wait value used by Selenium.</doc>
<status status="PASS" start="2025-04-15T15:21:09.876715" elapsed="0.001997"/>
</kw>
<kw name="Set Variable" owner="BuiltIn">
<msg time="2025-04-15T15:21:09.878712" level="INFO">${username} = Admin</msg>
<var>${username}</var>
<arg>Admin</arg>
<doc>Returns the given values which can then be assigned to a variables.</doc>
<status status="PASS" start="2025-04-15T15:21:09.878712" elapsed="0.000998"/>
</kw>
<kw name="Set Variable" owner="BuiltIn">
<msg time="2025-04-15T15:21:09.879710" level="INFO">${password} = admin123</msg>
<var>${password}</var>
<arg>admin123</arg>
<doc>Returns the given values which can then be assigned to a variables.</doc>
<status status="PASS" start="2025-04-15T15:21:09.879710" elapsed="0.000000"/>
</kw>
<kw name="Input Text" owner="SeleniumLibrary">
<msg time="2025-04-15T15:21:09.880710" level="INFO">Typing text 'Admin' into text field 'xpath=//input[@name='username']'.</msg>
<arg>xpath=//input[@name='username']</arg>
<arg>${username}</arg>
<doc>Types the given ``text`` into the text field identified by ``locator``.</doc>
<status status="PASS" start="2025-04-15T15:21:09.879710" elapsed="0.270346"/>
</kw>
<kw name="Input Text" owner="SeleniumLibrary">
<msg time="2025-04-15T15:21:10.151054" level="INFO">Typing text 'admin123' into text field 'xpath=//input[@name='password']'.</msg>
<arg>xpath=//input[@name='password']</arg>
<arg>${password}</arg>
<doc>Types the given ``text`` into the text field identified by ``locator``.</doc>
<status status="PASS" start="2025-04-15T15:21:10.150056" elapsed="0.080609"/>
</kw>
<kw name="Click Button" owner="SeleniumLibrary">
<msg time="2025-04-15T15:21:10.231666" level="INFO">Clicking button 'xpath=//button[@type='submit']'.</msg>
<arg>xpath=//button[@type='submit']</arg>
<doc>Clicks the button identified by ``locator``.</doc>
<status status="PASS" start="2025-04-15T15:21:10.230665" elapsed="0.092261"/>
</kw>
<kw name="Wait Until Page Contains Element" owner="SeleniumLibrary">
<arg>xpath=//span[text()='Dashboard']</arg>
<doc>Waits until the element ``locator`` appears on the current page.</doc>
<status status="PASS" start="2025-04-15T15:21:10.322926" elapsed="1.082366"/>
</kw>
<kw name="Get Title" owner="SeleniumLibrary">
<msg time="2025-04-15T15:21:11.410290" level="INFO">${title} = OrangeHRM</msg>
<var>${title}</var>
<doc>Returns the title of the current page.</doc>
<status status="PASS" start="2025-04-15T15:21:11.406292" elapsed="0.003998"/>
</kw>
<kw name="Should Contain" owner="BuiltIn">
<arg>${title}</arg>
<arg>OrangeHRM</arg>
<doc>Fails if ``container`` does not contain ``item`` one or more times.</doc>
<status status="PASS" start="2025-04-15T15:21:11.411289" elapsed="0.000000"/>
</kw>
<doc>Ouverture de Chrome à l'adresse https://opensource-demo.orangehrmlive.com/web/index.php et connexion</doc>
<status status="PASS" start="2025-04-15T15:20:53.049264" elapsed="18.362025"/>
</kw>
<kw name="Click Element" owner="SeleniumLibrary">
<msg time="2025-04-15T15:21:11.412290" level="INFO">Clicking element 'xpath=//a[@href='/web/index.php/admin/viewAdminModule']'.</msg>
<arg>xpath=//a[@href='/web/index.php/admin/viewAdminModule']</arg>
<doc>Click the element identified by ``locator``.</doc>
<status status="PASS" start="2025-04-15T15:21:11.412290" elapsed="0.738994"/>
</kw>
<kw name="Set Variable" owner="BuiltIn">
<msg time="2025-04-15T15:21:12.153284" level="INFO">${username} = Admin</msg>
<var>${username}</var>
<arg>Admin</arg>
<doc>Returns the given values which can then be assigned to a variables.</doc>
<status status="PASS" start="2025-04-15T15:21:12.152287" elapsed="0.000997"/>
</kw>
<kw name="Set Variable" owner="BuiltIn">
<msg time="2025-04-15T15:21:12.154284" level="INFO">${employee_name} = Coco Lapin Au Miel</msg>
<var>${employee_name}</var>
<arg>Coco Lapin Au Miel</arg>
<doc>Returns the given values which can then be assigned to a variables.</doc>
<status status="PASS" start="2025-04-15T15:21:12.153284" elapsed="0.001000"/>
</kw>
<kw name="Input Text" owner="SeleniumLibrary">
<msg time="2025-04-15T15:21:12.155286" level="INFO">Typing text 'Admin' into text field 'xpath=//label[text()='Username']/following::input[1]'.</msg>
<arg>xpath=//label[text()='Username']/following::input[1]</arg>
<arg>${username}</arg>
<doc>Types the given ``text`` into the text field identified by ``locator``.</doc>
<status status="PASS" start="2025-04-15T15:21:12.154284" elapsed="0.323293"/>
</kw>
<kw name="Click Element" owner="SeleniumLibrary">
<msg time="2025-04-15T15:21:12.479579" level="INFO">Clicking element 'xpath=//button[@type='submit']'.</msg>
<arg>xpath=//button[@type='submit']</arg>
<doc>Click the element identified by ``locator``.</doc>
<status status="PASS" start="2025-04-15T15:21:12.478577" elapsed="0.051242"/>
</kw>
<kw name="Sleep" owner="BuiltIn">
<msg time="2025-04-15T15:21:15.531601" level="INFO">Slept 3 seconds.</msg>
<arg>3</arg>
<doc>Pauses the test executed for the given time.</doc>
<status status="PASS" start="2025-04-15T15:21:12.529819" elapsed="3.001782"/>
</kw>
<kw name="Click Element" owner="SeleniumLibrary">
<msg time="2025-04-15T15:21:15.532144" level="INFO">Clicking element 'xpath=//label[text()='Username']/following::button[@type='button'][1]'.</msg>
<arg>xpath=//label[text()='Username']/following::button[@type='button'][1]</arg>
<doc>Click the element identified by ``locator``.</doc>
<status status="PASS" start="2025-04-15T15:21:15.532144" elapsed="0.048986"/>
</kw>
<kw name="Click Element" owner="SeleniumLibrary">
<msg time="2025-04-15T15:21:15.583133" level="INFO">Clicking element 'xpath=//label[text()='User Role']/following::div[contains(@class, 'oxd-select-text--after')][1]'.</msg>
<arg>xpath=//label[text()='User Role']/following::div[contains(@class, 'oxd-select-text--after')][1]</arg>
<doc>Click the element identified by ``locator``.</doc>
<status status="PASS" start="2025-04-15T15:21:15.582129" elapsed="0.054823"/>
</kw>
<kw name="Wait Until Element Is Visible" owner="SeleniumLibrary">
<arg>xpath=(//div[@role='option'])[2]</arg>
<arg>timeout=5s</arg>
<doc>Waits until the element ``locator`` is visible.</doc>
<status status="PASS" start="2025-04-15T15:21:15.636952" elapsed="0.020579"/>
</kw>
<kw name="Click Element" owner="SeleniumLibrary">
<msg time="2025-04-15T15:21:15.659533" level="INFO">Clicking element 'xpath=(//div[@role='option'])[2]'.</msg>
<arg>xpath=(//div[@role='option'])[2]</arg>
<doc>Click the element identified by ``locator``.</doc>
<status status="PASS" start="2025-04-15T15:21:15.658532" elapsed="0.052956"/>
</kw>
<kw name="Click Element" owner="SeleniumLibrary">
<msg time="2025-04-15T15:21:15.712490" level="INFO">Clicking element 'xpath=//button[@type='submit']'.</msg>
<arg>xpath=//button[@type='submit']</arg>
<doc>Click the element identified by ``locator``.</doc>
<status status="PASS" start="2025-04-15T15:21:15.712490" elapsed="0.045000"/>
</kw>
<kw name="Sleep" owner="BuiltIn">
<msg time="2025-04-15T15:21:18.758582" level="INFO">Slept 3 seconds.</msg>
<arg>3</arg>
<doc>Pauses the test executed for the given time.</doc>
<status status="PASS" start="2025-04-15T15:21:15.758489" elapsed="3.000093"/>
</kw>
<kw name="Click Element" owner="SeleniumLibrary">
<msg time="2025-04-15T15:21:18.759583" level="INFO">Clicking element 'xpath=//label[text()='Username']/following::button[@type='button'][1]'.</msg>
<arg>xpath=//label[text()='Username']/following::button[@type='button'][1]</arg>
<doc>Click the element identified by ``locator``.</doc>
<status status="PASS" start="2025-04-15T15:21:18.759583" elapsed="0.049827"/>
</kw>
<kw name="Input Text" owner="SeleniumLibrary">
<msg time="2025-04-15T15:21:18.810410" level="INFO">Typing text 'Coco Lapin Au Miel' into text field 'xpath=//label[text()='Employee Name']/following::input[1]'.</msg>
<arg>xpath=//label[text()='Employee Name']/following::input[1]</arg>
<arg>${employee_name}</arg>
<doc>Types the given ``text`` into the text field identified by ``locator``.</doc>
<status status="PASS" start="2025-04-15T15:21:18.809410" elapsed="0.102002"/>
</kw>
<kw name="Wait Until Element Is Not Visible" owner="SeleniumLibrary">
<arg>xpath=//div[@data-v-3ebc98ba and contains(@class, 'oxd-autocomplete-dropdown') and contains(@class, '--positon-bottom') and .//span[text()='Searching....']]</arg>
<doc>Waits until the element ``locator`` is not visible.</doc>
<status status="PASS" start="2025-04-15T15:21:18.913413" elapsed="5.055159"/>
</kw>
<kw name="Wait Until Element Is Visible" owner="SeleniumLibrary">
<arg>xpath=//div[@role='listbox']</arg>
<doc>Waits until the element ``locator`` is visible.</doc>
<status status="PASS" start="2025-04-15T15:21:23.969573" elapsed="0.015999"/>
</kw>
<kw name="Click Element" owner="SeleniumLibrary">
<msg time="2025-04-15T15:21:23.987573" level="INFO">Clicking element 'xpath=//div[@role='option'][1]'.</msg>
<arg>xpath=//div[@role='option'][1]</arg>
<doc>Click the element identified by ``locator``.</doc>
<status status="PASS" start="2025-04-15T15:21:23.986573" elapsed="0.049580"/>
</kw>
<kw name="Click Element" owner="SeleniumLibrary">
<msg time="2025-04-15T15:21:24.038154" level="INFO">Clicking element 'xpath=//button[@type='submit']'.</msg>
<arg>xpath=//button[@type='submit']</arg>
<doc>Click the element identified by ``locator``.</doc>
<status status="PASS" start="2025-04-15T15:21:24.037156" elapsed="0.070800"/>
</kw>
<kw name="Sleep" owner="BuiltIn">
<msg time="2025-04-15T15:21:27.109721" level="INFO">Slept 3 seconds.</msg>
<arg>3</arg>
<doc>Pauses the test executed for the given time.</doc>
<status status="PASS" start="2025-04-15T15:21:24.108955" elapsed="3.000766"/>
</kw>
<kw name="Click Element" owner="SeleniumLibrary">
<msg time="2025-04-15T15:21:27.111104" level="INFO">Clicking element 'xpath=//label[text()='Username']/following::button[@type='button'][1]'.</msg>
<arg>xpath=//label[text()='Username']/following::button[@type='button'][1]</arg>
<doc>Click the element identified by ``locator``.</doc>
<status status="PASS" start="2025-04-15T15:21:27.109721" elapsed="0.044365"/>
</kw>
<kw name="Click Element" owner="SeleniumLibrary">
<msg time="2025-04-15T15:21:27.155290" level="INFO">Clicking element 'xpath=//label[text()='Status']/following::div[contains(@class, 'oxd-select-text--after')][1]'.</msg>
<arg>xpath=//label[text()='Status']/following::div[contains(@class, 'oxd-select-text--after')][1]</arg>
<doc>Click the element identified by ``locator``.</doc>
<status status="PASS" start="2025-04-15T15:21:27.155290" elapsed="0.058490"/>
</kw>
<kw name="Wait Until Element Is Visible" owner="SeleniumLibrary">
<arg>xpath=(//div[@role='option'])[2]</arg>
<arg>timeout=5s</arg>
<doc>Waits until the element ``locator`` is visible.</doc>
<status status="PASS" start="2025-04-15T15:21:27.213780" elapsed="0.012000"/>
</kw>
<kw name="Click Element" owner="SeleniumLibrary">
<msg time="2025-04-15T15:21:27.226781" level="INFO">Clicking element 'xpath=(//div[@role='option'])[3]'.</msg>
<arg>xpath=(//div[@role='option'])[3]</arg>
<doc>Click the element identified by ``locator``.</doc>
<status status="PASS" start="2025-04-15T15:21:27.226781" elapsed="0.051398"/>
</kw>
<kw name="Click Element" owner="SeleniumLibrary">
<msg time="2025-04-15T15:21:27.279176" level="INFO">Clicking element 'xpath=//button[@type='submit']'.</msg>
<arg>xpath=//button[@type='submit']</arg>
<doc>Click the element identified by ``locator``.</doc>
<status status="PASS" start="2025-04-15T15:21:27.279176" elapsed="0.042001"/>
</kw>
<kw name="Sleep" owner="BuiltIn">
<msg time="2025-04-15T15:21:30.323174" level="INFO">Slept 3 seconds.</msg>
<arg>3</arg>
<doc>Pauses the test executed for the given time.</doc>
<status status="PASS" start="2025-04-15T15:21:27.322175" elapsed="3.000999"/>
</kw>
<kw name="Fermer Orangehrmlive" type="TEARDOWN">
<kw name="Sleep" owner="BuiltIn">
<msg time="2025-04-15T15:21:33.324352" level="INFO">Slept 3 seconds.</msg>
<arg>3</arg>
<doc>Pauses the test executed for the given time.</doc>
<status status="PASS" start="2025-04-15T15:21:30.324174" elapsed="3.000178"/>
</kw>
<kw name="Capture Page Screenshot" owner="SeleniumLibrary">
<msg time="2025-04-15T15:21:33.413067" level="INFO" html="true">&lt;/td&gt;&lt;/tr&gt;&lt;tr&gt;&lt;td colspan="3"&gt;&lt;a href="selenium-screenshot-21.png"&gt;&lt;img src="selenium-screenshot-21.png" width="800px"&gt;&lt;/a&gt;</msg>
<doc>Takes a screenshot of the current page and embeds it into a log file.</doc>
<status status="PASS" start="2025-04-15T15:21:33.324875" elapsed="0.089193"/>
</kw>
<kw name="Close Browser" owner="SeleniumLibrary">
<doc>Closes the current browser.</doc>
<status status="PASS" start="2025-04-15T15:21:33.414068" elapsed="2.270454"/>
</kw>
<doc>Fermeture du navigateur
On laisse un peu de temps pour visualiser l'écran final</doc>
<status status="PASS" start="2025-04-15T15:21:30.324174" elapsed="5.360348"/>
</kw>
<tag>tnr</tag>
<status status="PASS" start="2025-04-15T15:20:53.048264" elapsed="42.636258"/>
</test>
<status status="PASS" start="2025-04-15T15:20:50.957286" elapsed="44.728237"/>
</suite>
<statistics>
<total>
<stat pass="1" fail="0" skip="0">All Tests</stat>
</total>
<tag>
<stat pass="1" fail="0" skip="0">tnr</stat>
</tag>
<suite>
<stat name="TS ORANGEHRMLIVE" id="s1" pass="1" fail="0" skip="0">TS ORANGEHRMLIVE</stat>
</suite>
</statistics>
<errors>
</errors>
</robot>
